0 info it worked if it ends with ok
1 verbose cli [ '/Users/james/.nvm/versions/node/v6.8.0/bin/node',
1 verbose cli   '/Users/james/.nvm/versions/node/v6.8.0/bin/npm',
1 verbose cli   'start' ]
2 info using npm@3.10.8
3 info using node@v6.8.0
4 verbose run-script [ 'prestart', 'start', 'poststart' ]
5 info lifecycle codeshipTest@1.0.0~prestart: codeshipTest@1.0.0
6 silly lifecycle codeshipTest@1.0.0~prestart: no script for prestart, continuing
7 info lifecycle codeshipTest@1.0.0~start: codeshipTest@1.0.0
8 verbose lifecycle codeshipTest@1.0.0~start: unsafe-perm in lifecycle true
9 verbose lifecycle codeshipTest@1.0.0~start: PATH: /Users/james/.nvm/versions/node/v6.8.0/lib/node_modules/npm/bin/node-gyp-bin:/Users/james/Code/temp/codeshipTest/node_modules/.bin:/Users/james/.bin/:/Users/james/.rbenv/shims:/Users/james/.rbenv/bin:/Users/james/.nvm/versions/node/v6.8.0/bin:/data/db:/Users/james/npm-global/bin:/usr/local/bin:/usr/bin:/bin:/usr/sbin:/sbin:/Applications/Postgres.app/Contents/Versions/latest/bin
10 verbose lifecycle codeshipTest@1.0.0~start: CWD: /Users/james/Code/temp/codeshipTest
11 silly lifecycle codeshipTest@1.0.0~start: Args: [ '-c', 'node log.js' ]
12 silly lifecycle codeshipTest@1.0.0~start: Returned: code: 1  signal: null
13 info lifecycle codeshipTest@1.0.0~start: Failed to exec start script
14 verbose stack Error: codeshipTest@1.0.0 start: `node log.js`
14 verbose stack Exit status 1
14 verbose stack     at EventEmitter.<anonymous> (/Users/james/.nvm/versions/node/v6.8.0/lib/node_modules/npm/lib/utils/lifecycle.js:255:16)
14 verbose stack     at emitTwo (events.js:106:13)
14 verbose stack     at EventEmitter.emit (events.js:191:7)
14 verbose stack     at ChildProcess.<anonymous> (/Users/james/.nvm/versions/node/v6.8.0/lib/node_modules/npm/lib/utils/spawn.js:40:14)
14 verbose stack     at emitTwo (events.js:106:13)
14 verbose stack     at ChildProcess.emit (events.js:191:7)
14 verbose stack     at maybeClose (internal/child_process.js:877:16)
14 verbose stack     at Process.ChildProcess._handle.onexit (internal/child_process.js:226:5)
15 verbose pkgid codeshipTest@1.0.0
16 verbose cwd /Users/james/Code/temp/codeshipTest
17 error Darwin 16.0.0
18 error argv "/Users/james/.nvm/versions/node/v6.8.0/bin/node" "/Users/james/.nvm/versions/node/v6.8.0/bin/npm" "start"
19 error node v6.8.0
20 error npm  v3.10.8
21 error code ELIFECYCLE
22 error codeshipTest@1.0.0 start: `node log.js`
22 error Exit status 1
23 error Failed at the codeshipTest@1.0.0 start script 'node log.js'.
23 error Make sure you have the latest version of node.js and npm installed.
23 error If you do, this is most likely a problem with the codeshipTest package,
23 error not with npm itself.
23 error Tell the author that this fails on your system:
23 error     node log.js
23 error You can get information on how to open an issue for this project with:
23 error     npm bugs codeshipTest
23 error Or if that isn't available, you can get their info via:
23 error     npm owner ls codeshipTest
23 error There is likely additional logging output above.
24 verbose exit [ 1, true ]
